<?xml version="1.0" encoding="UTF-8"?>
<coverage generated="1730817931802" clover="3.2.0">
  <project timestamp="1730817931803" name="All files">
    <metrics statements="5" coveredstatements="5" conditionals="0" coveredconditionals="0" methods="1" coveredmethods="1" elements="6" coveredelements="6" complexity="0" loc="5" ncloc="5" packages="1" files="2" classes="2"/>
    <file name="convertToObject.js" path="/home/jakub/mate_homework/js_style-to-object/src/convertToObject.js">
      <metrics statements="3" coveredstatements="3" conditionals="0" coveredconditionals="0" methods="1" coveredmethods="1"/>
      <line num="9" count="17" type="stmt"/>
      <line num="10" count="17" type="stmt"/>
      <line num="13" count="1" type="stmt"/>
    </file>
    <file name="stylesString.js" path="/home/jakub/mate_homework/js_style-to-object/src/stylesString.js">
      <metrics statements="2" coveredstatements="2" conditionals="0" coveredconditionals="0" methods="0" coveredmethods="0"/>
      <line num="3" count="1" type="stmt"/>
      <line num="39" count="1" type="stmt"/>
    </file>
  </project>
</coverage>
