{"/Users/jacekkosiba/projects/js_style-to-object/src/convertToObject.js": {"path":"/Users/jacekkosiba/projects/js_style-to-object/src/convertToObject.js","statementMap":{"0":{"start":{"line":14,"column":21},"end":{"line":48,"column":1}},"1":{"start":{"line":52,"column":17},"end":{"line":52,"column":19}},"2":{"start":{"line":53,"column":17},"end":{"line":63,"column":6}},"3":{"start":{"line":56,"column":17},"end":{"line":58,"column":27}},"4":{"start":{"line":59,"column":20},"end":{"line":59,"column":35}},"5":{"start":{"line":60,"column":17},"end":{"line":60,"column":32}},"6":{"start":{"line":62,"column":6},"end":{"line":62,"column":48}},"7":{"start":{"line":65,"column":2},"end":{"line":65,"column":16}},"8":{"start":{"line":69,"column":0},"end":{"line":69,"column":45}},"9":{"start":{"line":71,"column":0},"end":{"line":71,"column":33}}},"fnMap":{"0":{"name":"convertToObject","decl":{"start":{"line":51,"column":9},"end":{"line":51,"column":24}},"loc":{"start":{"line":51,"column":39},"end":{"line":66,"column":1}},"line":51},"1":{"name":"(anonymous_1)","decl":{"start":{"line":56,"column":9},"end":{"line":56,"column":10}},"loc":{"start":{"line":56,"column":17},"end":{"line":58,"column":27}},"line":56},"2":{"name":"(anonymous_2)","decl":{"start":{"line":59,"column":12},"end":{"line":59,"column":13}},"loc":{"start":{"line":59,"column":20},"end":{"line":59,"column":35}},"line":59},"3":{"name":"(anonymous_3)","decl":{"start":{"line":60,"column":9},"end":{"line":60,"column":10}},"loc":{"start":{"line":60,"column":17},"end":{"line":60,"column":32}},"line":60},"4":{"name":"(anonymous_4)","decl":{"start":{"line":61,"column":13},"end":{"line":61,"column":14}},"loc":{"start":{"line":61,"column":21},"end":{"line":63,"column":5}},"line":61}},"branchMap":{},"s":{"0":1,"1":3,"2":3,"3":84,"4":84,"5":78,"6":78,"7":3,"8":1,"9":1},"f":{"0":3,"1":84,"2":84,"3":78,"4":78},"b":{},"_coverageSchema":"43e27e138ebf9cfc5966b082cf9a028302ed4184","hash":"590580f69d861992d1af7b11a98fc124cd1cd5d8"}
}
