{"D:\\projects\\js_style-to-object\\src\\convertToObject.js": {"path":"D:\\projects\\js_style-to-object\\src\\convertToObject.js","statementMap":{"0":{"start":{"line":17,"column":17},"end":{"line":18,"column":61}},"1":{"start":{"line":18,"column":21},"end":{"line":18,"column":60}},"2":{"start":{"line":20,"column":2},"end":{"line":26,"column":9}},"3":{"start":{"line":21,"column":25},"end":{"line":21,"column":38}},"4":{"start":{"line":23,"column":4},"end":{"line":23,"column":35}},"5":{"start":{"line":25,"column":4},"end":{"line":25,"column":15}},"6":{"start":{"line":29,"column":0},"end":{"line":29,"column":33}}},"fnMap":{"0":{"name":"convertToObject","decl":{"start":{"line":16,"column":9},"end":{"line":16,"column":24}},"loc":{"start":{"line":16,"column":39},"end":{"line":27,"column":1}},"line":16},"1":{"name":"(anonymous_1)","decl":{"start":{"line":18,"column":12},"end":{"line":18,"column":13}},"loc":{"start":{"line":18,"column":21},"end":{"line":18,"column":60}},"line":18},"2":{"name":"(anonymous_2)","decl":{"start":{"line":20,"column":23},"end":{"line":20,"column":24}},"loc":{"start":{"line":20,"column":36},"end":{"line":26,"column":3}},"line":20}},"branchMap":{"0":{"loc":{"start":{"line":18,"column":21},"end":{"line":18,"column":60}},"type":"binary-expr","locations":[{"start":{"line":18,"column":21},"end":{"line":18,"column":37}},{"start":{"line":18,"column":41},"end":{"line":18,"column":60}}],"line":18}},"s":{"0":2,"1":58,"2":2,"3":52,"4":52,"5":52,"6":1},"f":{"0":2,"1":58,"2":52},"b":{"0":[58,56]},"_coverageSchema":"43e27e138ebf9cfc5966b082cf9a028302ed4184","hash":"c3e693a0d122ae54e9ff56537cb4469c2295b819"}
}
